#
# A fatal error has been detected by the Java Runtime Environment:
#
#  EXCEPTION_ACCESS_VIOLATION (0xc0000005) at pc=0x000000006c557bff, pid=6888, tid=0x0000000000002b98
#
# JRE version: Java(TM) SE Runtime Environment (8.0_201-b09) (build 1.8.0_201-b09)
# Java VM: Java HotSpot(TM) 64-Bit Server VM (25.201-b09 mixed mode windows-amd64 compressed oops)
# Problematic frame:
# V  [jvm.dll+0xf7bff]
#
# Failed to write core dump. Minidumps are not enabled by default on client versions of Windows
#
# If you would like to submit a bug report, please visit:
#   http://bugreport.java.com/bugreport/crash.jsp
#

---------------  T H R E A D  ---------------

Current thread (0x000000001c4aa000):  VMThread [stack: 0x000000001e1b0000,0x000000001e2b0000] [id=11160]

siginfo: ExceptionCode=0xc0000005, reading address 0x0000000029258720

Registers:
RAX=0x000000000001e1a0, RBX=0x0000000000000000, RCX=0x000000002923a570, RDX=0x0000000000000f0d
RSP=0x000000001e2aeee8, RBP=0x000000001e2af460, RSI=0x000000001e2af5f0, RDI=0x000000001e2af5f0
R8 =0x0000000000000000, R9 =0x0000000029239f00, R10=0x0000000000000007, R11=0x00000000292388d7
R12=0x00000000251fe598, R13=0x000000001e2af420, R14=0x00000000000003d8, R15=0x000000001e2af410
RIP=0x000000006c557bff, EFLAGS=0x0000000000010206

Top of Stack: (sp=0x000000001e2aeee8)
0x000000001e2aeee8:   000000006c55f640 00000006c2b5ad60
0x000000001e2aeef8:   0000000000000000 000000001e2af5f0
0x000000001e2aef08:   00000006c2b5adc8 00000006c2b5af18
0x000000001e2aef18:   00000006c2b5af90 000000006ca68f38
0x000000001e2aef28:   00000000245a93d0 0000000000000012
0x000000001e2aef38:   000000060000000e 000000001e2aef60
0x000000001e2aef48:   0000000600000002 0000000000000000
0x000000001e2aef58:   00000006c2b5b360 4fffffff4fffffff
0x000000001e2aef68:   000000064fffffff 00000006c2b5b498
0x000000001e2aef78:   00000006c2b5b500 00000006c2b5b590
0x000000001e2aef88:   00000006c2b5b610 00000006c2b5b678
0x000000001e2aef98:   00000006c2b5b6e8 00000006c2b5b750
0x000000001e2aefa8:   00000006c2b5b7b8 00000006c2b5b840
0x000000001e2aefb8:   00000006c2b5b8a8 00000006c2b5b910
0x000000001e2aefc8:   00000006c2b5b978 00000006c2b5b9e0
0x000000001e2aefd8:   00000006c2b5ba48 00000006c2b5bac0 

Instructions: (pc=0x000000006c557bff)
0x000000006c557bdf:   74 3e 85 d2 79 13 f7 d2 48 63 c2 48 c1 e0 05 48
0x000000006c557bef:   8b 44 08 10 0f b7 c0 eb 12 48 63 c2 48 c1 e0 05
0x000000006c557bff:   48 8b 44 08 10 0f b7 d0 48 63 c2 41 0f b7 4c c1
0x000000006c557c0f:   52 48 63 c1 41 0f b7 44 c1 52 49 8b 44 c1 50 c3 


Register to memory mapping:

RAX=0x000000000001e1a0 is an unknown value
RBX=0x0000000000000000 is an unknown value
RCX=0x000000002923a570 is pointing into metadata
RDX=0x0000000000000f0d is an unknown value
RSP=0x000000001e2aeee8 is an unknown value
RBP=0x000000001e2af460 is an unknown value
RSI=0x000000001e2af5f0 is an unknown value
RDI=0x000000001e2af5f0 is an unknown value
R8 =0x0000000000000000 is an unknown value
R9 =0x0000000029239f00 is pointing into metadata
R10=0x0000000000000007 is an unknown value
R11=0x00000000292388d7 is pointing into metadata
R12=0x00000000251fe598 is an unknown value
R13=0x000000001e2af420 is an unknown value
R14=0x00000000000003d8 is an unknown value
R15=0x000000001e2af410 is an unknown value


Stack: [0x000000001e1b0000,0x000000001e2b0000],  sp=0x000000001e2aeee8,  free space=1019k
Native frames: (J=compiled Java code, j=interpreted, Vv=VM code, C=native code)
V  [jvm.dll+0xf7bff]

VM_Operation (0x000000001f00f6e0): GetOrSetLocal, mode: safepoint, requested by thread 0x000000001c4be000


---------------  P R O C E S S  ---------------

Java Threads: ( => current thread )
  0x00000000204df800 JavaThread "TimerQueue" daemon [_thread_blocked, id=14084, stack(0x0000000021fb0000,0x00000000220b0000)]
  0x0000000002a04800 JavaThread "DestroyJavaVM" [_thread_blocked, id=18944, stack(0x0000000002740000,0x0000000002840000)]
  0x00000000250da000 JavaThread "AWT-EventQueue-0" [_thread_blocked, id=824, stack(0x0000000026c20000,0x0000000026d20000)]
  0x0000000024cc6800 JavaThread "AWT-Windows" daemon [_thread_blocked, id=10740, stack(0x0000000025f80000,0x0000000026080000)]
  0x0000000024cc5800 JavaThread "AWT-Shutdown" [_thread_blocked, id=10644, stack(0x0000000025e80000,0x0000000025f80000)]
  0x0000000024e19000 JavaThread "Java2D Disposer" daemon [_thread_blocked, id=9832, stack(0x0000000025d80000,0x0000000025e80000)]
  0x000000001e636800 JavaThread "Service Thread" daemon [_thread_blocked, id=15052, stack(0x000000001f610000,0x000000001f710000)]
  0x000000001e621000 JavaThread "C1 CompilerThread3" daemon [_thread_blocked, id=10940, stack(0x000000001f510000,0x000000001f610000)]
  0x000000001e61a000 JavaThread "C2 CompilerThread2" daemon [_thread_blocked, id=18236, stack(0x000000001f410000,0x000000001f510000)]
  0x000000001e619800 JavaThread "C2 CompilerThread1" daemon [_thread_blocked, id=20768, stack(0x000000001f310000,0x000000001f410000)]
  0x000000001e618800 JavaThread "C2 CompilerThread0" daemon [_thread_blocked, id=784, stack(0x000000001f210000,0x000000001f310000)]
  0x000000001e2fd800 JavaThread "JDWP Command Reader" daemon [_thread_in_native, id=2476, stack(0x000000001f110000,0x000000001f210000)]
  0x000000001e2fa800 JavaThread "JDWP Event Helper Thread" daemon [_thread_blocked, id=14844, stack(0x000000001f010000,0x000000001f110000)]
  0x000000001c4be000 JavaThread "JDWP Transport Listener: dt_socket" daemon [_thread_blocked, id=19604, stack(0x000000001ef10000,0x000000001f010000)]
  0x000000001e2ea800 JavaThread "Attach Listener" daemon [_thread_blocked, id=15172, stack(0x000000001ead0000,0x000000001ebd0000)]
  0x000000001e2e9000 JavaThread "Signal Dispatcher" daemon [_thread_blocked, id=21188, stack(0x000000001e9d0000,0x000000001ead0000)]
  0x0000000002afa000 JavaThread "Finalizer" daemon [_thread_blocked, id=19120, stack(0x000000001e7b0000,0x000000001e8b0000)]
  0x000000001e2d0800 JavaThread "Reference Handler" daemon [_thread_blocked, id=700, stack(0x000000001e6b0000,0x000000001e7b0000)]

Other Threads:
=>0x000000001c4aa000 VMThread [stack: 0x000000001e1b0000,0x000000001e2b0000] [id=11160]
  0x000000001e639000 WatcherThread [stack: 0x000000001ff10000,0x0000000020010000] [id=5852]

VM state:at safepoint (normal execution)

VM Mutex/Monitor currently owned by a thread:  ([mutex/lock_event])
[0x0000000002a01950] Threads_lock - owner thread: 0x000000001c4aa000

heap address: 0x00000006c2600000, size: 4058 MB, Compressed Oops mode: Zero based, Oop shift amount: 3
Narrow klass base: 0x0000000000000000, Narrow klass shift: 3
Compressed class space size: 1073741824 Address: 0x00000007c0000000

Heap:
 PSYoungGen      total 72704K, used 33458K [0x000000076b780000, 0x0000000770b00000, 0x00000007c0000000)
  eden space 72192K, 46% used [0x000000076b780000,0x000000076d7fc980,0x000000076fe00000)
  from space 512K, 37% used [0x0000000770a80000,0x0000000770ab0000,0x0000000770b00000)
  to   space 512K, 0% used [0x0000000770a00000,0x0000000770a00000,0x0000000770a80000)
 ParOldGen       total 428032K, used 347322K [0x00000006c2600000, 0x00000006dc800000, 0x000000076b780000)
  object space 428032K, 81% used [0x00000006c2600000,0x00000006d792ea30,0x00000006dc800000)
 Metaspace       used 38281K, capacity 38840K, committed 39040K, reserved 1085440K
  class space    used 3765K, capacity 3905K, committed 3968K, reserved 1048576K

Card table byte_map: [0x0000000011ec0000,0x00000000126b0000] byte_map_base: 0x000000000e8ad000

Marking Bits: (ParMarkBitMap*) 0x000000006cc84ce0
 Begin Bits: [0x0000000013400000, 0x0000000017368000)
 End Bits:   [0x0000000017368000, 0x000000001b2d0000)

Polling page: 0x0000000001050000

CodeCache: size=245760Kb used=23089Kb max_used=24562Kb free=222670Kb
 bounds [0x0000000002b00000, 0x0000000004390000, 0x0000000011b00000]
 total_blobs=6248 nmethods=5615 adapters=551
 compilation: enabled

Compilation events (10 events):
Event: 6063.034 Thread 0x000000001e619800 7516 %     4       java.awt.EventDispatchThread::pumpEventsForFilter @ 10 (47 bytes)
Event: 6063.041 Thread 0x000000001e619800 nmethod 7516% 0x0000000003d03310 code [0x0000000003d03480, 0x0000000003d037b8]
Event: 6065.676 Thread 0x000000001e621000 7517       3       app.mlt.plaf.statistics.StatisticsAverages$ZigZagPlotter::plot (875 bytes)
Event: 6065.679 Thread 0x000000001e621000 nmethod 7517 0x0000000003e9ed90 code [0x0000000003e9f4a0, 0x0000000003ea3768]
Event: 6065.757 Thread 0x000000001e61a000 7518       4       sun.awt.windows.WComponentPeer::handleEvent (173 bytes)
Event: 6065.763 Thread 0x000000001e61a000 nmethod 7518 0x000000000325dd10 code [0x000000000325df20, 0x000000000325eb90]
Event: 6066.352 Thread 0x000000001e621000 7519 %     3       app.mlt.plaf.statistics.StatisticsAverages$ZigZagPlotter::plot @ 606 (875 bytes)
Event: 6066.355 Thread 0x000000001e621000 nmethod 7519% 0x0000000003e95f90 code [0x0000000003e966a0, 0x0000000003e9ad48]
Event: 6072.380 Thread 0x000000001e621000 7520       3       com.mlt.desktop.event.MouseHandler::mouseEntered (1 bytes)
Event: 6072.380 Thread 0x000000001e621000 nmethod 7520 0x0000000003868950 code [0x0000000003868aa0, 0x0000000003868bf0]

GC Heap History (10 events):
Event: 6066.415 GC heap before
{Heap before GC invocations=1364 (full 4):
 PSYoungGen      total 77824K, used 77536K [0x000000076b780000, 0x0000000770b00000, 0x00000007c0000000)
  eden space 77312K, 100% used [0x000000076b780000,0x0000000770300000,0x0000000770300000)
  from space 512K, 43% used [0x0000000770a00000,0x0000000770a38000,0x0000000770a80000)
  to   space 512K, 0% used [0x0000000770a80000,0x0000000770a80000,0x0000000770b00000)
 ParOldGen       total 428032K, used 347322K [0x00000006c2600000, 0x00000006dc800000, 0x000000076b780000)
  object space 428032K, 81% used [0x00000006c2600000,0x00000006d792ea30,0x00000006dc800000)
 Metaspace       used 38281K, capacity 38840K, committed 39040K, reserved 1085440K
  class space    used 3765K, capacity 3905K, committed 3968K, reserved 1048576K
Event: 6066.416 GC heap after
Heap after GC invocations=1364 (full 4):
 PSYoungGen      total 76800K, used 160K [0x000000076b780000, 0x0000000770b00000, 0x00000007c0000000)
  eden space 76288K, 0% used [0x000000076b780000,0x000000076b780000,0x0000000770200000)
  from space 512K, 31% used [0x0000000770a80000,0x0000000770aa8000,0x0000000770b00000)
  to   space 512K, 0% used [0x0000000770a00000,0x0000000770a00000,0x0000000770a80000)
 ParOldGen       total 428032K, used 347322K [0x00000006c2600000, 0x00000006dc800000, 0x000000076b780000)
  object space 428032K, 81% used [0x00000006c2600000,0x00000006d792ea30,0x00000006dc800000)
 Metaspace       used 38281K, capacity 38840K, committed 39040K, reserved 1085440K
  class space    used 3765K, capacity 3905K, committed 3968K, reserved 1048576K
}
Event: 6066.845 GC heap before
{Heap before GC invocations=1365 (full 4):
 PSYoungGen      total 76800K, used 76448K [0x000000076b780000, 0x0000000770b00000, 0x00000007c0000000)
  eden space 76288K, 100% used [0x000000076b780000,0x0000000770200000,0x0000000770200000)
  from space 512K, 31% used [0x0000000770a80000,0x0000000770aa8000,0x0000000770b00000)
  to   space 512K, 0% used [0x0000000770a00000,0x0000000770a00000,0x0000000770a80000)
 ParOldGen       total 428032K, used 347322K [0x00000006c2600000, 0x00000006dc800000, 0x000000076b780000)
  object space 428032K, 81% used [0x00000006c2600000,0x00000006d792ea30,0x00000006dc800000)
 Metaspace       used 38281K, capacity 38840K, committed 39040K, reserved 1085440K
  class space    used 3765K, capacity 3905K, committed 3968K, reserved 1048576K
Event: 6066.847 GC heap after
Heap after GC invocations=1365 (full 4):
 PSYoungGen      total 75776K, used 224K [0x000000076b780000, 0x0000000770b00000, 0x00000007c0000000)
  eden space 75264K, 0% used [0x000000076b780000,0x000000076b780000,0x0000000770100000)
  from space 512K, 43% used [0x0000000770a00000,0x0000000770a38000,0x0000000770a80000)
  to   space 512K, 0% used [0x0000000770a80000,0x0000000770a80000,0x0000000770b00000)
 ParOldGen       total 428032K, used 347322K [0x00000006c2600000, 0x00000006dc800000, 0x000000076b780000)
  object space 428032K, 81% used [0x00000006c2600000,0x00000006d792ea30,0x00000006dc800000)
 Metaspace       used 38281K, capacity 38840K, committed 39040K, reserved 1085440K
  class space    used 3765K, capacity 3905K, committed 3968K, reserved 1048576K
}
Event: 6067.320 GC heap before
{Heap before GC invocations=1366 (full 4):
 PSYoungGen      total 75776K, used 75488K [0x000000076b780000, 0x0000000770b00000, 0x00000007c0000000)
  eden space 75264K, 100% used [0x000000076b780000,0x0000000770100000,0x0000000770100000)
  from space 512K, 43% used [0x0000000770a00000,0x0000000770a38000,0x0000000770a80000)
  to   space 512K, 0% used [0x0000000770a80000,0x0000000770a80000,0x0000000770b00000)
 ParOldGen       total 428032K, used 347322K [0x00000006c2600000, 0x00000006dc800000, 0x000000076b780000)
  object space 428032K, 81% used [0x00000006c2600000,0x00000006d792ea30,0x00000006dc800000)
 Metaspace       used 38281K, capacity 38840K, committed 39040K, reserved 1085440K
  class space    used 3765K, capacity 3905K, committed 3968K, reserved 1048576K
Event: 6067.321 GC heap after
Heap after GC invocations=1366 (full 4):
 PSYoungGen      total 74752K, used 192K [0x000000076b780000, 0x0000000770b00000, 0x00000007c0000000)
  eden space 74240K, 0% used [0x000000076b780000,0x000000076b780000,0x0000000770000000)
  from space 512K, 37% used [0x0000000770a80000,0x0000000770ab0000,0x0000000770b00000)
  to   space 512K, 0% used [0x0000000770a00000,0x0000000770a00000,0x0000000770a80000)
 ParOldGen       total 428032K, used 347322K [0x00000006c2600000, 0x00000006dc800000, 0x000000076b780000)
  object space 428032K, 81% used [0x00000006c2600000,0x00000006d792ea30,0x00000006dc800000)
 Metaspace       used 38281K, capacity 38840K, committed 39040K, reserved 1085440K
  class space    used 3765K, capacity 3905K, committed 3968K, reserved 1048576K
}
Event: 6067.939 GC heap before
{Heap before GC invocations=1367 (full 4):
 PSYoungGen      total 74752K, used 74432K [0x000000076b780000, 0x0000000770b00000, 0x00000007c0000000)
  eden space 74240K, 100% used [0x000000076b780000,0x0000000770000000,0x0000000770000000)
  from space 512K, 37% used [0x0000000770a80000,0x0000000770ab0000,0x0000000770b00000)
  to   space 512K, 0% used [0x0000000770a00000,0x0000000770a00000,0x0000000770a80000)
 ParOldGen       total 428032K, used 347322K [0x00000006c2600000, 0x00000006dc800000, 0x000000076b780000)
  object space 428032K, 81% used [0x00000006c2600000,0x00000006d792ea30,0x00000006dc800000)
 Metaspace       used 38281K, capacity 38840K, committed 39040K, reserved 1085440K
  class space    used 3765K, capacity 3905K, committed 3968K, reserved 1048576K
Event: 6067.940 GC heap after
Heap after GC invocations=1367 (full 4):
 PSYoungGen      total 73728K, used 192K [0x000000076b780000, 0x0000000770b00000, 0x00000007c0000000)
  eden space 73216K, 0% used [0x000000076b780000,0x000000076b780000,0x000000076ff00000)
  from space 512K, 37% used [0x0000000770a00000,0x0000000770a30000,0x0000000770a80000)
  to   space 512K, 0% used [0x0000000770a80000,0x0000000770a80000,0x0000000770b00000)
 ParOldGen       total 428032K, used 347322K [0x00000006c2600000, 0x00000006dc800000, 0x000000076b780000)
  object space 428032K, 81% used [0x00000006c2600000,0x00000006d792ea30,0x00000006dc800000)
 Metaspace       used 38281K, capacity 38840K, committed 39040K, reserved 1085440K
  class space    used 3765K, capacity 3905K, committed 3968K, reserved 1048576K
}
Event: 6072.583 GC heap before
{Heap before GC invocations=1368 (full 4):
 PSYoungGen      total 73728K, used 73408K [0x000000076b780000, 0x0000000770b00000, 0x00000007c0000000)
  eden space 73216K, 100% used [0x000000076b780000,0x000000076ff00000,0x000000076ff00000)
  from space 512K, 37% used [0x0000000770a00000,0x0000000770a30000,0x0000000770a80000)
  to   space 512K, 0% used [0x0000000770a80000,0x0000000770a80000,0x0000000770b00000)
 ParOldGen       total 428032K, used 347322K [0x00000006c2600000, 0x00000006dc800000, 0x000000076b780000)
  object space 428032K, 81% used [0x00000006c2600000,0x00000006d792ea30,0x00000006dc800000)
 Metaspace       used 38281K, capacity 38840K, committed 39040K, reserved 1085440K
  class space    used 3765K, capacity 3905K, committed 3968K, reserved 1048576K
Event: 6072.585 GC heap after
Heap after GC invocations=1368 (full 4):
 PSYoungGen      total 72704K, used 192K [0x000000076b780000, 0x0000000770b00000, 0x00000007c0000000)
  eden space 72192K, 0% used [0x000000076b780000,0x000000076b780000,0x000000076fe00000)
  from space 512K, 37% used [0x0000000770a80000,0x0000000770ab0000,0x0000000770b00000)
  to   space 512K, 0% used [0x0000000770a00000,0x0000000770a00000,0x0000000770a80000)
 ParOldGen       total 428032K, used 347322K [0x00000006c2600000, 0x00000006dc800000, 0x000000076b780000)
  object space 428032K, 81% used [0x00000006c2600000,0x00000006d792ea30,0x00000006dc800000)
 Metaspace       used 38281K, capacity 38840K, committed 39040K, reserved 1085440K
  class space    used 3765K, capacity 3905K, committed 3968K, reserved 1048576K
}

Deoptimization events (10 events):
Event: 2068.843 Thread 0x00000000250da000 Uncommon trap: reason=unstable_if action=reinterpret pc=0x0000000003d75494 method=app.mlt.plaf.statistics.StatisticsAverages$ZigZagPlotter.plot(Lcom/mlt/desktop/control/Canvas$Context;Lcom/mlt/mkt/data/DataList;II)V @ 449
Event: 2869.646 Thread 0x00000000250da000 Uncommon trap: reason=unstable_if action=reinterpret pc=0x00000000032c6f14 method=app.mlt.plaf.statistics.StatisticsAverages$ZigZagPlotter.plot(Lcom/mlt/desktop/control/Canvas$Context;Lcom/mlt/mkt/data/DataList;II)V @ 449
Event: 3976.139 Thread 0x00000000250da000 Uncommon trap: reason=unstable_if action=reinterpret pc=0x0000000004340fd4 method=app.mlt.plaf.statistics.StatisticsAverages$ZigZagPlotter.plot(Lcom/mlt/desktop/control/Canvas$Context;Lcom/mlt/mkt/data/DataList;II)V @ 148
Event: 3976.185 Thread 0x00000000250da000 Uncommon trap: reason=unstable_if action=reinterpret pc=0x0000000004078004 method=app.mlt.plaf.statistics.StatisticsAverages$ZigZagPlotter.plot(Lcom/mlt/desktop/control/Canvas$Context;Lcom/mlt/mkt/data/DataList;II)V @ 148
Event: 4004.081 Thread 0x00000000250da000 Uncommon trap: reason=unstable_if action=reinterpret pc=0x00000000041fc22c method=java.util.TreeMap.fixAfterInsertion(Ljava/util/TreeMap$Entry;)V @ 212
Event: 5209.135 Thread 0x00000000250da000 Uncommon trap: reason=class_check action=maybe_recompile pc=0x0000000004356f6c method=javax.swing.JComponent._paintImmediately(IIII)V @ 218
Event: 5209.151 Thread 0x00000000250da000 Uncommon trap: reason=class_check action=maybe_recompile pc=0x0000000004356f6c method=javax.swing.JComponent._paintImmediately(IIII)V @ 218
Event: 5209.749 Thread 0x00000000250da000 Uncommon trap: reason=unstable_if action=reinterpret pc=0x0000000003d0d7e0 method=app.mlt.plaf.statistics.StatisticsAverages$ZigZagPlotter.plot(Lcom/mlt/desktop/control/Canvas$Context;Lcom/mlt/mkt/data/DataList;II)V @ 11
Event: 5212.947 Thread 0x00000000250da000 Uncommon trap: reason=unstable_if action=reinterpret pc=0x0000000003e4eb3c method=app.mlt.plaf.statistics.StatisticsAverages$ZigZagPlotter.plot(Lcom/mlt/desktop/control/Canvas$Context;Lcom/mlt/mkt/data/DataList;II)V @ 266
Event: 6065.675 Thread 0x00000000250da000 Uncommon trap: reason=unstable_if action=reinterpret pc=0x00000000041b71fc method=app.mlt.plaf.statistics.StatisticsAverages$ZigZagPlotter.plot(Lcom/mlt/desktop/control/Canvas$Context;Lcom/mlt/mkt/data/DataList;II)V @ 172

Classes redefined (10 events):
Event: 5970.620 Thread 0x000000001c4aa000 redefined class name=app.mlt.plaf.statistics.StatisticsAverages$MenuChart, count=69
Event: 5970.635 Thread 0x000000001c4aa000 redefined class name=app.mlt.plaf.statistics.StatisticsAverages$ZigZagPlotter, count=69
Event: 6002.177 Thread 0x000000001c4aa000 redefined class name=app.mlt.plaf.statistics.StatisticsAverages$ActionBrowseRanges, count=70
Event: 6002.191 Thread 0x000000001c4aa000 redefined class name=app.mlt.plaf.statistics.StatisticsAverages$ParametersHandler, count=72
Event: 6002.205 Thread 0x000000001c4aa000 redefined class name=app.mlt.plaf.statistics.StatisticsAverages$ActionBrowseStats, count=70
Event: 6002.220 Thread 0x000000001c4aa000 redefined class name=app.mlt.plaf.statistics.StatisticsAverages, count=72
Event: 6002.235 Thread 0x000000001c4aa000 redefined class name=app.mlt.plaf.statistics.StatisticsAverages$ActionCalculate, count=70
Event: 6002.250 Thread 0x000000001c4aa000 redefined class name=app.mlt.plaf.statistics.StatisticsAverages$ActionChartStates, count=70
Event: 6002.265 Thread 0x000000001c4aa000 redefined class name=app.mlt.plaf.statistics.StatisticsAverages$MenuChart, count=70
Event: 6002.281 Thread 0x000000001c4aa000 redefined class name=app.mlt.plaf.statistics.StatisticsAverages$ZigZagPlotter, count=70

Internal exceptions (10 events):
Event: 6.485 Thread 0x00000000250da000 Exception <a 'java/io/FileNotFoundException'> (0x000000076c47cda8) thrown at [C:\re\workspace\8-2-build-windows-amd64-cygwin\jdk8u201\12322\hotspot\src\share\vm\prims\jni.cpp, line 709]
Event: 6.495 Thread 0x00000000250da000 Exception <a 'java/io/FileNotFoundException'> (0x000000076c4e61c8) thrown at [C:\re\workspace\8-2-build-windows-amd64-cygwin\jdk8u201\12322\hotspot\src\share\vm\prims\jni.cpp, line 709]
Event: 6.497 Thread 0x00000000250da000 Exception <a 'java/io/FileNotFoundException'> (0x000000076c4fbaa8) thrown at [C:\re\workspace\8-2-build-windows-amd64-cygwin\jdk8u201\12322\hotspot\src\share\vm\prims\jni.cpp, line 709]
Event: 385.183 Thread 0x00000000204de000 Implicit null exception at 0x00000000035179de to 0x0000000003517eb5
Event: 475.616 Thread 0x00000000204de800 Exception <a 'java/lang/ArrayIndexOutOfBoundsException': 18> (0x000000076c674c78) thrown at [C:\re\workspace\8-2-build-windows-amd64-cygwin\jdk8u201\12322\hotspot\src\share\vm\interpreter\interpreterRuntime.cpp, line 368]
Event: 475.616 Thread 0x00000000204de800 Exception <a 'java/lang/ArrayIndexOutOfBoundsException': 60> (0x000000076c676338) thrown at [C:\re\workspace\8-2-build-windows-amd64-cygwin\jdk8u201\12322\hotspot\src\share\vm\interpreter\interpreterRuntime.cpp, line 368]
Event: 475.617 Thread 0x00000000204de800 Exception <a 'java/lang/ArrayIndexOutOfBoundsException': 40> (0x000000076c677fc8) thrown at [C:\re\workspace\8-2-build-windows-amd64-cygwin\jdk8u201\12322\hotspot\src\share\vm\interpreter\interpreterRuntime.cpp, line 368]
Event: 876.943 Thread 0x00000000204e0000 Implicit null exception at 0x00000000036e7f5f to 0x00000000036e9bcd
Event: 877.281 Thread 0x00000000250da000 Implicit null exception at 0x00000000030c8994 to 0x00000000030c9243
Event: 891.582 Thread 0x00000000250da000 Implicit null exception at 0x0000000003a4795c to 0x0000000003a48251

Events (10 events):
Event: 6072.934 Executing VM operation: GetCurrentContendedMonitor done
Event: 6072.934 Executing VM operation: GetOwnedMonitorInfo
Event: 6072.934 Executing VM operation: GetOwnedMonitorInfo done
Event: 6072.934 Executing VM operation: GetCurrentContendedMonitor
Event: 6072.934 Executing VM operation: GetCurrentContendedMonitor done
Event: 6072.935 Executing VM operation: GetCurrentContendedMonitor
Event: 6072.935 Executing VM operation: GetCurrentContendedMonitor done
Event: 6072.935 Executing VM operation: GetOwnedMonitorInfo
Event: 6072.936 Executing VM operation: GetOwnedMonitorInfo done
Event: 6073.772 Executing VM operation: GetOrSetLocal


Dynamic libraries:
0x00007ff7c2420000 - 0x00007ff7c2457000 	C:\Program Files\Java\jdk1.8.0_201\bin\javaw.exe
0x00007ffcde3e0000 - 0x00007ffcde5d0000 	C:\WINDOWS\SYSTEM32\ntdll.dll
0x00007ffcdcf50000 - 0x00007ffcdd002000 	C:\WINDOWS\System32\KERNEL32.DLL
0x00007ffcdbd60000 - 0x00007ffcdc003000 	C:\WINDOWS\System32\KERNELBASE.dll
0x00007ffcddde0000 - 0x00007ffcdde83000 	C:\WINDOWS\System32\ADVAPI32.dll
0x00007ffcddcc0000 - 0x00007ffcddd5e000 	C:\WINDOWS\System32\msvcrt.dll
0x00007ffcdc490000 - 0x00007ffcdc527000 	C:\WINDOWS\System32\sechost.dll
0x00007ffcdd010000 - 0x00007ffcdd130000 	C:\WINDOWS\System32\RPCRT4.dll
0x00007ffcdccd0000 - 0x00007ffcdce64000 	C:\WINDOWS\System32\USER32.dll
0x00007ffcdc210000 - 0x00007ffcdc231000 	C:\WINDOWS\System32\win32u.dll
0x00007ffcdcf20000 - 0x00007ffcdcf46000 	C:\WINDOWS\System32\GDI32.dll
0x00007ffcdc2a0000 - 0x00007ffcdc434000 	C:\WINDOWS\System32\gdi32full.dll
0x00007ffcdbc70000 - 0x00007ffcdbd0e000 	C:\WINDOWS\System32\msvcp_win.dll
0x00007ffcdb370000 - 0x00007ffcdb46a000 	C:\WINDOWS\System32\ucrtbase.dll
0x00007ffcbe160000 - 0x00007ffcbe3e5000 	C:\WINDOWS\WinSxS\amd64_microsoft.windows.common-controls_6595b64144ccf1df_6.0.18362.476_none_e6c4b11b130f2595\COMCTL32.dll
0x00007ffcde050000 - 0x00007ffcde386000 	C:\WINDOWS\System32\combase.dll
0x00007ffcdbbf0000 - 0x00007ffcdbc70000 	C:\WINDOWS\System32\bcryptPrimitives.dll
0x00007ffcdd1a0000 - 0x00007ffcdd1ce000 	C:\WINDOWS\System32\IMM32.DLL
0x000000006df50000 - 0x000000006e021000 	C:\Program Files\Java\jdk1.8.0_201\jre\bin\msvcr100.dll
0x000000006c460000 - 0x000000006cd04000 	C:\Program Files\Java\jdk1.8.0_201\jre\bin\server\jvm.dll
0x00007ffcde390000 - 0x00007ffcde398000 	C:\WINDOWS\System32\PSAPI.DLL
0x00007ffcccf10000 - 0x00007ffcccf34000 	C:\WINDOWS\SYSTEM32\WINMM.dll
0x00007ffcc07b0000 - 0x00007ffcc07b9000 	C:\WINDOWS\SYSTEM32\WSOCK32.dll
0x00007ffcce4c0000 - 0x00007ffcce4ca000 	C:\WINDOWS\SYSTEM32\VERSION.dll
0x00007ffcdd130000 - 0x00007ffcdd19f000 	C:\WINDOWS\System32\WS2_32.dll
0x00007ffcccee0000 - 0x00007ffcccf0d000 	C:\WINDOWS\SYSTEM32\WINMMBASE.dll
0x00007ffcdc440000 - 0x00007ffcdc48a000 	C:\WINDOWS\System32\cfgmgr32.dll
0x00007ffcd5ff0000 - 0x00007ffcd5fff000 	C:\Program Files\Java\jdk1.8.0_201\jre\bin\verify.dll
0x00007ffcd16c0000 - 0x00007ffcd16e9000 	C:\Program Files\Java\jdk1.8.0_201\jre\bin\java.dll
0x00007ffcb5260000 - 0x00007ffcb5295000 	C:\Program Files\Java\jdk1.8.0_201\jre\bin\jdwp.dll
0x00007ffcd2520000 - 0x00007ffcd2528000 	C:\Program Files\Java\jdk1.8.0_201\jre\bin\npt.dll
0x00007ffcc80f0000 - 0x00007ffcc8113000 	C:\Program Files\Java\jdk1.8.0_201\jre\bin\instrument.dll
0x00007ffcd1910000 - 0x00007ffcd1926000 	C:\Program Files\Java\jdk1.8.0_201\jre\bin\zip.dll
0x00007ffcdc530000 - 0x00007ffcdcc15000 	C:\WINDOWS\System32\SHELL32.dll
0x00007ffcdce70000 - 0x00007ffcdcf19000 	C:\WINDOWS\System32\shcore.dll
0x00007ffcdb470000 - 0x00007ffcdbbee000 	C:\WINDOWS\System32\windows.storage.dll
0x00007ffcdb2e0000 - 0x00007ffcdb2ff000 	C:\WINDOWS\System32\profapi.dll
0x00007ffcdb320000 - 0x00007ffcdb36a000 	C:\WINDOWS\System32\powrprof.dll
0x00007ffcdb2b0000 - 0x00007ffcdb2c0000 	C:\WINDOWS\System32\UMPDC.dll
0x00007ffcdd2a0000 - 0x00007ffcdd2f2000 	C:\WINDOWS\System32\shlwapi.dll
0x00007ffcdb2c0000 - 0x00007ffcdb2d1000 	C:\WINDOWS\System32\kernel.appcore.dll
0x00007ffcdbd40000 - 0x00007ffcdbd57000 	C:\WINDOWS\System32\cryptsp.dll
0x00007ffcd2140000 - 0x00007ffcd2149000 	C:\Program Files\Java\jdk1.8.0_201\jre\bin\dt_socket.dll
0x00007ffcabdc0000 - 0x00007ffcabdd6000 	C:\WINDOWS\system32\napinsp.dll
0x00007ffcabda0000 - 0x00007ffcabdba000 	C:\WINDOWS\system32\pnrpnsp.dll
0x00007ffcdab20000 - 0x00007ffcdab87000 	C:\WINDOWS\System32\mswsock.dll
0x00007ffcda870000 - 0x00007ffcda93a000 	C:\WINDOWS\SYSTEM32\DNSAPI.dll
0x00007ffcdd4b0000 - 0x00007ffcdd4b8000 	C:\WINDOWS\System32\NSI.dll
0x00007ffcda830000 - 0x00007ffcda86a000 	C:\WINDOWS\SYSTEM32\IPHLPAPI.DLL
0x00007ffcabd90000 - 0x00007ffcabd9e000 	C:\WINDOWS\System32\winrnr.dll
0x00007ffcd30a0000 - 0x00007ffcd30bc000 	C:\WINDOWS\system32\NLAapi.dll
0x00007ffcd30d0000 - 0x00007ffcd30e5000 	C:\WINDOWS\system32\wshbth.dll
0x00007ffccfcf0000 - 0x00007ffccfd67000 	C:\WINDOWS\System32\fwpuclnt.dll
0x00007ffcdbd10000 - 0x00007ffcdbd36000 	C:\WINDOWS\System32\bcrypt.dll
0x00007ffcd0a20000 - 0x00007ffcd0a2a000 	C:\Windows\System32\rasadhlp.dll
0x00007ffcd1600000 - 0x00007ffcd160d000 	C:\Program Files\Java\jdk1.8.0_201\jre\bin\management.dll
0x00007ffcda690000 - 0x00007ffcda6c3000 	C:\WINDOWS\system32\rsaenh.dll
0x00007ffcdb1d0000 - 0x00007ffcdb1f5000 	C:\WINDOWS\SYSTEM32\USERENV.dll
0x00007ffcdacf0000 - 0x00007ffcdacfc000 	C:\WINDOWS\SYSTEM32\CRYPTBASE.dll
0x00007ffcd1610000 - 0x00007ffcd162a000 	C:\Program Files\Java\jdk1.8.0_201\jre\bin\net.dll
0x00007ffcc4b80000 - 0x00007ffcc4d56000 	C:\WINDOWS\SYSTEM32\urlmon.dll
0x00007ffcc4860000 - 0x00007ffcc4b06000 	C:\WINDOWS\SYSTEM32\iertutil.dll
0x00007ffcd0a50000 - 0x00007ffcd0a66000 	C:\WINDOWS\SYSTEM32\dhcpcsvc6.DLL
0x00007ffcd0a00000 - 0x00007ffcd0a1c000 	C:\WINDOWS\SYSTEM32\dhcpcsvc.DLL
0x00007ffcd15b0000 - 0x00007ffcd15c1000 	C:\Program Files\Java\jdk1.8.0_201\jre\bin\nio.dll
0x00007ffc9fac0000 - 0x00007ffc9fc59000 	C:\Program Files\Java\jdk1.8.0_201\jre\bin\awt.dll
0x00007ffcdd620000 - 0x00007ffcdd6e4000 	C:\WINDOWS\System32\OLEAUT32.dll
0x00007ffccfa10000 - 0x00007ffccfa9f000 	C:\WINDOWS\SYSTEM32\apphelp.dll
0x00007ffcd4ca0000 - 0x00007ffcd4d39000 	C:\WINDOWS\system32\uxtheme.dll
0x00007ffcdde90000 - 0x00007ffcddfc6000 	C:\WINDOWS\System32\MSCTF.dll
0x00007ffcddb60000 - 0x00007ffcddcb6000 	C:\WINDOWS\System32\ole32.dll
0x00007ffcd67e0000 - 0x00007ffcd680d000 	C:\WINDOWS\system32\DWMAPI.DLL
0x00007ffcb1ed0000 - 0x00007ffcb2026000 	C:\WINDOWS\system32\opengl32.dll
0x00007ffcd1410000 - 0x00007ffcd143c000 	C:\WINDOWS\SYSTEM32\GLU32.dll
0x00007ffcd9f00000 - 0x00007ffcd9f20000 	C:\WINDOWS\SYSTEM32\dxcore.dll
0x00007ffcd1630000 - 0x00007ffcd1677000 	C:\Program Files\Java\jdk1.8.0_201\jre\bin\fontmanager.dll
0x00007ffcc7e10000 - 0x00007ffcc7e52000 	C:\Program Files\Java\jdk1.8.0_201\jre\bin\t2k.dll
0x00007ffcac710000 - 0x00007ffcac7ae000 	C:\WINDOWS\System32\TextInputFramework.dll
0x00007ffcced90000 - 0x00007ffccee64000 	C:\WINDOWS\System32\CoreMessaging.dll
0x00007ffccc850000 - 0x00007ffcccb7a000 	C:\WINDOWS\System32\CoreUIComponents.dll
0x00007ffcda450000 - 0x00007ffcda481000 	C:\WINDOWS\SYSTEM32\ntmarta.dll
0x00007ffcd30f0000 - 0x00007ffcd3243000 	C:\WINDOWS\SYSTEM32\wintypes.dll
0x00007ffcc4b10000 - 0x00007ffcc4b75000 	C:\WINDOWS\system32\Oleacc.dll
0x00007ffcc7de0000 - 0x00007ffcc7e0a000 	C:\Program Files\Java\jdk1.8.0_201\jre\bin\dcpr.dll
0x00007ffcdcc20000 - 0x00007ffcdccc2000 	C:\WINDOWS\System32\clbcatq.dll
0x00007ffccc6a0000 - 0x00007ffccc84f000 	C:\WINDOWS\SYSTEM32\WindowsCodecs.dll
0x00007ffcc3c00000 - 0x00007ffcc3c3a000 	C:\WINDOWS\system32\dataexchange.dll
0x00007ffcd4a00000 - 0x00007ffcd4c5b000 	C:\WINDOWS\system32\d3d11.dll
0x00007ffccf2d0000 - 0x00007ffccf4ab000 	C:\WINDOWS\system32\dcomp.dll
0x00007ffcd9f90000 - 0x00007ffcda07b000 	C:\WINDOWS\system32\dxgi.dll
0x00007ffcd6580000 - 0x00007ffcd67da000 	C:\WINDOWS\system32\twinapi.appcore.dll
0x00007ffcd6a90000 - 0x00007ffcd6ab9000 	C:\WINDOWS\system32\RMCLIENT.dll
0x00007ffcd6330000 - 0x00007ffcd6524000 	C:\WINDOWS\SYSTEM32\dbghelp.dll

VM Arguments:
jvm_args: -agentlib:jdwp=transport=dt_socket,suspend=y,address=localhost:61839 -Dsun.java2d.uiScale=1.0 -javaagent:C:\Development\Eclipse\2019-03-java\eclipse\configuration\org.eclipse.osgi\224\0\.cp\lib\javaagent-shaded.jar -Dfile.encoding=Cp1252 
java_command: app.mlt.plaf.MLT --dataSourceFile=res/db/DataSource-PostgreLocal.xml --server=Dukascopy --account=demo
java_class_path (initial): C:\Development\Eclipse-Workspaces\MSas\mlt\MLT-1.8\bin;C:\Users\mique\.m2\repository\com\dukascopy\api\JForex-API\2.13.39\JForex-API-2.13.39.jar;C:\Users\mique\.m2\repository\com\dukascopy\dds2\DDS2-jClient-JForex\3.2.13\DDS2-jClient-JForex-3.2.13.jar;C:\Users\mique\.m2\repository\com\dukascopy\dds2\DDS2-Charts\6.24.36\DDS2-Charts-6.24.36.jar;C:\Users\mique\.m2\repository\com\dukascopy\dds2\greed-common\318.4.30\greed-common-318.4.30.jar;C:\Users\mique\.m2\repository\com\dukascopy\dds2\msg\1.0.156\msg-1.0.156.jar;C:\Users\mique\.m2\repository\com\dukascopy\dds2\patterns\1.60.28\patterns-1.60.28.jar;C:\Users\mique\.m2\repository\com\dukascopy\dds2\Login-Form\1.6.32\Login-Form-1.6.32.jar;C:\Users\mique\.m2\repository\com\dukascopy\dds2\ui-core\1.6.41\ui-core-1.6.41.jar;C:\Users\mique\.m2\repository\com\dukascopy\dds4\netty-transport-client\0.4.70\netty-transport-client-0.4.70.jar;C:\Users\mique\.m2\repository\com\dukascopy\dds4\transport-common\0.5.132\transport-common-0.5.132.jar;C:\Users\mique\.m2\repository\com\dukascopy\dev-tools\0.0.23\dev-tools-0.0.23.jar;C:\Users\mique\.m2\repository\com\dukascopy\auth-protocol-client\1.0.12\auth-protocol-client-1.0.12.jar;C:\Users\mique\.m2\repository\com\dukascopy\docking\framework\CleanDocking\2.1.8\CleanDocking-2.1.8.jar;C:\Users\mique\.m2\repository\org\apache\commons\commons-lang3\3.6\commons-lang3-3.6.jar;C:\Users\mique\.m2\repository\org\apache\logging\log4j\log4j-1.2-api\2.8.2\log4j-1.2-api-2.8.2.jar;C:\Users\mique\.m2\repository\org\apache\logging\log4j\log4j-api\2.8.2\log4j-api-2.8.2.jar;C:\Users\mique\.m2\repository\org\apache\logging\log4j\log4j-core\2.8.2\log4j-core-2.8.2.jar;C:\Users\mique\.m2\repository\org\apache\lucene\lucene-core\3.4.0\lucene-core-3.4.0.jar;C:\Users\mique\.m2\repository\org\apache\lucene\lucene-highlighter\3.4.0\lucene-highlighter-3.4.0.jar;C:\Users\mique\.m2\repository\org\apache\lucene\lucene-memory\3.4.0\lucene-memory-3.4.0.jar;C:\Users\mique\.m2\repository\org
Launcher Type: SUN_STANDARD

Environment Variables:
PATH=C:\Program Files\Java\jdk1.8.0_201\jre\bin;C:/Program Files/Java/jre1.8.0_181/bin/server;C:/Program Files/Java/jre1.8.0_181/bin;C:/Program Files/Java/jre1.8.0_181/lib/amd64;C:\Program Files\Microsoft MPI\Bin\;C:\Program Files (x86)\Common Files\Oracle\Java\javapath;C:\WINDOWS\system32;C:\WINDOWS;C:\WINDOWS\System32\Wbem;C:\WINDOWS\System32\WindowsPowerShell\v1.0\;C:\WINDOWS\System32\OpenSSH\;C:\Program Files\Intel\WiFi\bin\;C:\Program Files\Common Files\Intel\WirelessCommon\;C:\Program Files\dotnet\;C:\Program Files\Microsoft SQL Server\130\Tools\Binn\;C:\Program Files\Microsoft SQL Server\Client SDK\ODBC\170\Tools\Binn\;C:\Program Files\nodejs\;C:\Program Files\Git\cmd;C:\D\dmd2\windows\bin;C:\Users\mique\AppData\Local\Microsoft\WindowsApps;;C:\Users\mique\AppData\Local\Programs\Microsoft VS Code\bin;C:\Users\mique\AppData\Roaming\npm;C:\Users\mique\.dotnet\tools;%USERPROFILE%\AppData\Local\Microsoft\WindowsApps;C:\WINDOWS\System32;
USERNAME=mique
OS=Windows_NT
PROCESSOR_IDENTIFIER=Intel64 Family 6 Model 142 Stepping 10, GenuineIntel



---------------  S Y S T E M  ---------------

OS: Windows 10.0 , 64 bit Build 18362 (10.0.18362.329)

CPU:total 8 (initial active 8) (4 cores per cpu, 2 threads per core) family 6 model 142 stepping 10, cmov, cx8, fxsr, mmx, sse, sse2, sse3, ssse3, sse4.1, sse4.2, popcnt, avx, avx2, aes, clmul, erms, 3dnowpref, lzcnt, ht, tsc, tscinvbit, bmi1, bmi2, adx

Memory: 4k page, physical 16616148k(9351356k free), swap 19106516k(9682528k free)

vm_info: Java HotSpot(TM) 64-Bit Server VM (25.201-b09) for windows-amd64 JRE (1.8.0_201-b09), built on Dec 15 2018 18:36:39 by "java_re" with MS VC++ 10.0 (VS2010)

time: Mon Dec 09 10:33:43 2019
timezone: Hora estándar romance
elapsed time: 6073 seconds (0d 1h 41m 13s)

